This is XeTeX, Version 3.141592653-2.6-0.999994 (TeX Live 2022) (preloaded format=xelatex 2022.11.20)  10 DEC 2022 11:01
entering extended mode
 restricted \write18 enabled.
 %&-line parsing enabled.
**main.tex
(./main.tex
LaTeX2e <2021-11-15> patch level 1
L3 programming layer <2022-02-24>
(/usr/local/texlive/2022/texmf-dist/tex/latex/base/article.cls
Document Class: article 2021/10/04 v1.4n Standard LaTeX document class
(/usr/local/texlive/2022/texmf-dist/tex/latex/base/size10.clo
File: size10.clo 2021/10/04 v1.4n Standard LaTeX file (size option)
)
\c@part=\count181
\c@section=\count182
\c@subsection=\count183
\c@subsubsection=\count184
\c@paragraph=\count185
\c@subparagraph=\count186
\c@figure=\count187
\c@table=\count188
\abovecaptionskip=\skip47
\belowcaptionskip=\skip48
\bibindent=\dimen138
)
(/usr/local/texlive/2022/texmf-dist/tex/latex/algorithmicx/algpseudocode.sty
Package: algpseudocode 

(/usr/local/texlive/2022/texmf-dist/tex/latex/base/ifthen.sty
Package: ifthen 2020/11/24 v1.1c Standard LaTeX ifthen package (DPC)
)
(/usr/local/texlive/2022/texmf-dist/tex/latex/algorithmicx/algorithmicx.sty
Package: algorithmicx 2005/04/27 v1.2 Algorithmicx

Document Style algorithmicx 1.2 - a greatly improved `algorithmic' style
\c@ALG@line=\count189
\c@ALG@rem=\count190
\c@ALG@nested=\count191
\ALG@tlm=\skip49
\ALG@thistlm=\skip50
\c@ALG@Lnr=\count192
\c@ALG@blocknr=\count193
\c@ALG@storecount=\count194
\c@ALG@tmpcounter=\count195
\ALG@tmplength=\skip51
)
Document Style - pseudocode environments for use with the `algorithmicx' style
) (/usr/local/texlive/2022/texmf-dist/tex/latex/url/url.sty
\Urlmuskip=\muskip16
Package: url 2013/09/16  ver 3.4  Verb mode for urls, etc.
)
(/usr/local/texlive/2022/texmf-dist/tex/latex/l3backend/l3backend-xetex.def
File: l3backend-xetex.def 2022-02-07 L3 backend support: XeTeX

(|extractbb --version)
\c__kernel_sys_dvipdfmx_version_int=\count196
\l__color_backend_stack_int=\count197
\g__color_backend_stack_int=\count198
\g__graphics_track_int=\count199
\l__pdf_internal_box=\box50
\g__pdf_backend_object_int=\count266
\g__pdf_backend_annotation_int=\count267
\g__pdf_backend_link_int=\count268
) (./main.aux)
\openout1 = `main.aux'.

LaTeX Font Info:    Checking defaults for OML/cmm/m/it on input line 10.
LaTeX Font Info:    ... okay on input line 10.
LaTeX Font Info:    Checking defaults for OMS/cmsy/m/n on input line 10.
LaTeX Font Info:    ... okay on input line 10.
LaTeX Font Info:    Checking defaults for OT1/cmr/m/n on input line 10.
LaTeX Font Info:    ... okay on input line 10.
LaTeX Font Info:    Checking defaults for T1/cmr/m/n on input line 10.
LaTeX Font Info:    ... okay on input line 10.
LaTeX Font Info:    Checking defaults for TS1/cmr/m/n on input line 10.
LaTeX Font Info:    Trying to load font information for TS1+cmr on input line 1
0.

(/usr/local/texlive/2022/texmf-dist/tex/latex/base/ts1cmr.fd
File: ts1cmr.fd 2019/12/16 v2.5j Standard LaTeX font definitions
)
LaTeX Font Info:    ... okay on input line 10.
LaTeX Font Info:    Checking defaults for TU/lmr/m/n on input line 10.
LaTeX Font Info:    ... okay on input line 10.
LaTeX Font Info:    Checking defaults for OMX/cmex/m/n on input line 10.
LaTeX Font Info:    ... okay on input line 10.
LaTeX Font Info:    Checking defaults for U/cmr/m/n on input line 10.
LaTeX Font Info:    ... okay on input line 10.
LaTeX Font Info:    External font `cmex10' loaded for size
(Font)              <12> on input line 11.
LaTeX Font Info:    External font `cmex10' loaded for size
(Font)              <8> on input line 11.
LaTeX Font Info:    External font `cmex10' loaded for size
(Font)              <6> on input line 11.
 (./main.toc
LaTeX Font Info:    External font `cmex10' loaded for size
(Font)              <7> on input line 3.
LaTeX Font Info:    External font `cmex10' loaded for size
(Font)              <5> on input line 3.
)
\tf@toc=\write3
\openout3 = `main.toc'.


[1

] [2] [3]
Overfull \hbox (18.30873pt too wide) in paragraph at lines 91--92
[]\TU/lmr/bx/n/10 function \TU/lmr/m/sc/10 BACKWARD_IMAGE_COMP\TU/lmr/m/n/10 ($
\OML/cmm/m/it/10 bddfsm; init; counter[]examples$\TU/lmr/m/n/10 ) 
 []


Overfull \hbox (43.57811pt too wide) in paragraph at lines 93--94
[] $\OML/cmm/m/it/10 pre[]counter[]example \OMS/cmsy/m/n/10  $ \TU/lmr/m/n/10 P
ICK_ONE_STATE_RANDOM$\OT1/cmr/m/n/10 (\OML/cmm/m/it/10 counter[]examples\OT1/cm
r/m/n/10 )$ 
 []


Overfull \hbox (9.68765pt too wide) in paragraph at lines 104--105
[]$\OML/cmm/m/it/10 images \OMS/cmsy/m/n/10  $ \TU/lmr/m/n/10 BACKWARD_IMAGE_CO
MP$\OT1/cmr/m/n/10 (\OML/cmm/m/it/10 bddfsm; init; counter[]examples\OT1/cmr/m/
n/10 )$ 
 []


Overfull \hbox (6.70824pt too wide) in paragraph at lines 105--106
\TU/lmr/m/n/10 states which are the preiamges of the next image. $\OML/cmm/m/it
/10 counter[]example[]original$
 []


Overfull \hbox (21.70001pt too wide) in paragraph at lines 115--116
\TU/lmr/m/n/10 applying the functions $[]$ and $[]$.
 []

[4]
Overfull \hbox (14.63316pt too wide) in paragraph at lines 124--125
[]\TU/lmr/bx/n/10 function \TU/lmr/m/sc/10 FIND_TRACE\TU/lmr/m/n/10 ($\OML/cmm/
m/it/10 bddfsm; init; images; counter[]example[]original$\TU/lmr/m/n/10 ) 
 []


Overfull \hbox (1.29538pt too wide) in paragraph at lines 140--141
\TU/lmr/m/n/10 the initial states, $\OML/cmm/m/it/10 images$ \TU/lmr/m/n/10 is 
the output from BACKWARD_IMAGE_COMP
 []


Overfull \hbox (2.73889pt too wide) in paragraph at lines 141--142
[]$\OML/cmm/m/it/10 trace \OMS/cmsy/m/n/10  $ \TU/lmr/m/n/10 FIND_TRACE$\OT1/cm
r/m/n/10 (\OML/cmm/m/it/10 bddfsm; init; images; counter[]example[]original\OT1
/cmr/m/n/10 )$ 
 []


Overfull \hbox (72.84204pt too wide) in paragraph at lines 147--148
[]\TU/lmr/m/n/10 Finally, the set of states and inputs can be returned by the f
unction $[]$
 []


Overfull \hbox (12.70654pt too wide) in paragraph at lines 154--156
| \TU/lmr/m/n/10 BACKWARD_IMAGE_COMP$\OT1/cmr/m/n/10 (\OML/cmm/m/it/10 bddfsm; 
init; counter[]examples\OT1/cmr/m/n/10 )$ 
 []


Overfull \hbox (15.07097pt too wide) in paragraph at lines 156--158
| \TU/lmr/m/n/10 FIND_TRACE$\OT1/cmr/m/n/10 (\OML/cmm/m/it/10 bddfsm; init; ima
ges; counter[]example[]original\OT1/cmr/m/n/10 )$ 
 []

[5]
Overfull \hbox (79.13pt too wide) in paragraph at lines 168--169
[]\TU/lmr/m/n/10 The True/False answer correctly for all cases in our custom fu
nction $[]$,
 []


Overfull \hbox (64.56203pt too wide) in paragraph at lines 176--177
\TU/lmr/m/n/10 In this report, we have showcased an implementation to replicate
 the $[]$
 []

(./main.bbl [6]) [7] (./main.aux) ) 
Here is how much of TeX's memory you used:
 1195 strings out of 476179
 21016 string characters out of 5809543
 328258 words of memory out of 5000000
 21974 multiletter control sequences out of 15000+600000
 473010 words of font info for 51 fonts, out of 8000000 for 9000
 1348 hyphenation exceptions out of 8191
 46i,6n,48p,1200b,265s stack positions out of 10000i,1000n,20000p,200000b,200000s

Output written on main.pdf (7 pages).
